
> admin@2.0.0 build
> tsc -b && vite build

src/pages/pedido-compra/FinalizarPedidoCompra.tsx(385,4): error TS2657: JSX expressions must have one parent element.
src/pages/pedido-compra/FormularioPedidoCompra.tsx(828,9): error TS1005: ')' expected.
src/pages/pedido-compra/FormularioPedidoCompra.tsx(829,5): error TS2657: JSX expressions must have one parent element.
src/pages/pedido-compra/FormularioPedidoCompra.tsx(866,4): error TS1128: Declaration or statement expected.
src/pages/pedido-compra/FormularioPedidoCompra.tsx(964,2): error TS1128: Declaration or statement expected.
src/pages/pedido-compra/FormularioPedidoCompra.tsx(965,1): error TS1128: Declaration or statement expected.
src/pages/produtos/estoques/VisualizarEstoque.tsx(299,4): error TS1005: ')' expected.
src/pages/produtos/estoques/VisualizarEstoque.tsx(312,2): error TS1128: Declaration or statement expected.
src/pages/produtos/estoques/VisualizarEstoque.tsx(313,1): error TS1128: Declaration or statement expected.
